Performing C SOURCE FILE Test C_SUPPORTS_DELETE_NON_VIRTUAL_DTOR_FLAG failed with the following output:
Change Dir: /home/csec/JavaScript_Taint_Analyzer/CustomHermes_temp/CMakeFiles/CMakeTmp

Run Build Command(s):/usr/bin/gmake -f Makefile cmTC_af896/fast && /usr/bin/gmake  -f CMakeFiles/cmTC_af896.dir/build.make CMakeFiles/cmTC_af896.dir/build
gmake[1]: Entering directory '/home/csec/JavaScript_Taint_Analyzer/CustomHermes_temp/CMakeFiles/CMakeTmp'
Building C object CMakeFiles/cmTC_af896.dir/src.c.o
/usr/bin/cc -DC_SUPPORTS_DELETE_NON_VIRTUAL_DTOR_FLAG  -Wall -Wextra -Wno-unused-parameter -Wwrite-strings -Wno-missing-field-initializers    -Werror -Wdelete-non-virtual-dtor -o CMakeFiles/cmTC_af896.dir/src.c.o -c /home/csec/JavaScript_Taint_Analyzer/CustomHermes_temp/CMakeFiles/CMakeTmp/src.c
cc1: error: command-line option '-Wdelete-non-virtual-dtor' is valid for C++/ObjC++ but not for C [-Werror]
cc1: all warnings being treated as errors
gmake[1]: *** [CMakeFiles/cmTC_af896.dir/build.make:78: CMakeFiles/cmTC_af896.dir/src.c.o] Error 1
gmake[1]: Leaving directory '/home/csec/JavaScript_Taint_Analyzer/CustomHermes_temp/CMakeFiles/CMakeTmp'
gmake: *** [Makefile:127: cmTC_af896/fast] Error 2


Source file was:
int main(void) { return 0; }
Performing C++ SOURCE FILE Test RANGE_ANALYSIS_FLAG failed with the following output:
Change Dir: /home/csec/JavaScript_Taint_Analyzer/CustomHermes_temp/CMakeFiles/CMakeTmp

Run Build Command(s):/usr/bin/gmake -f Makefile cmTC_aebd9/fast && /usr/bin/gmake  -f CMakeFiles/cmTC_aebd9.dir/build.make CMakeFiles/cmTC_aebd9.dir/build
gmake[1]: Entering directory '/home/csec/JavaScript_Taint_Analyzer/CustomHermes_temp/CMakeFiles/CMakeTmp'
Building CXX object CMakeFiles/cmTC_aebd9.dir/src.cxx.o
/usr/bin/c++ -DRANGE_ANALYSIS_FLAG  -Wall -Wextra -Wno-unused-parameter -Wwrite-strings -Wcast-qual -Wno-missing-field-initializers -Wno-maybe-uninitialized -Wno-init-list-lifetime -Wno-redundant-move -Wno-deprecated-copy -Wno-class-memaccess -Wno-noexcept-type -Wdelete-non-virtual-dtor    -Wrange-loop-analysis -o CMakeFiles/cmTC_aebd9.dir/src.cxx.o -c /home/csec/JavaScript_Taint_Analyzer/CustomHermes_temp/CMakeFiles/CMakeTmp/src.cxx
c++: error: unrecognized command-line option '-Wrange-loop-analysis'
gmake[1]: *** [CMakeFiles/cmTC_aebd9.dir/build.make:78: CMakeFiles/cmTC_aebd9.dir/src.cxx.o] Error 1
gmake[1]: Leaving directory '/home/csec/JavaScript_Taint_Analyzer/CustomHermes_temp/CMakeFiles/CMakeTmp'
gmake: *** [Makefile:127: cmTC_aebd9/fast] Error 2


Source file was:
int main() { return 0; }
Performing C++ SOURCE FILE Test HAVE_ICF failed with the following output:
Change Dir: /home/csec/JavaScript_Taint_Analyzer/CustomHermes_temp/CMakeFiles/CMakeTmp

Run Build Command(s):/usr/bin/gmake -f Makefile cmTC_864dd/fast && /usr/bin/gmake  -f CMakeFiles/cmTC_864dd.dir/build.make CMakeFiles/cmTC_864dd.dir/build
gmake[1]: Entering directory '/home/csec/JavaScript_Taint_Analyzer/CustomHermes_temp/CMakeFiles/CMakeTmp'
Building CXX object CMakeFiles/cmTC_864dd.dir/src.cxx.o
/usr/bin/c++ -DHAVE_ICF  -Wall -Wextra -Wno-unused-parameter -Wwrite-strings -Wcast-qual -Wno-missing-field-initializers -Wno-maybe-uninitialized -Wno-init-list-lifetime -Wno-redundant-move -Wno-deprecated-copy -Wno-class-memaccess -Wno-noexcept-type -Wdelete-non-virtual-dtor  -o CMakeFiles/cmTC_864dd.dir/src.cxx.o -c /home/csec/JavaScript_Taint_Analyzer/CustomHermes_temp/CMakeFiles/CMakeTmp/src.cxx
Linking CXX executable cmTC_864dd
/usr/bin/cmake -E cmake_link_script CMakeFiles/cmTC_864dd.dir/link.txt --verbose=1
/usr/bin/c++  -Wall -Wextra -Wno-unused-parameter -Wwrite-strings -Wcast-qual -Wno-missing-field-initializers -Wno-maybe-uninitialized -Wno-init-list-lifetime -Wno-redundant-move -Wno-deprecated-copy -Wno-class-memaccess -Wno-noexcept-type -Wdelete-non-virtual-dtor   -Wl,--icf=safe  CMakeFiles/cmTC_864dd.dir/src.cxx.o -o cmTC_864dd 
/usr/bin/ld: unrecognized option '--icf=safe'
/usr/bin/ld: use the --help option for usage information
collect2: error: ld returned 1 exit status
gmake[1]: *** [CMakeFiles/cmTC_864dd.dir/build.make:99: cmTC_864dd] Error 1
gmake[1]: Leaving directory '/home/csec/JavaScript_Taint_Analyzer/CustomHermes_temp/CMakeFiles/CMakeTmp'
gmake: *** [Makefile:127: cmTC_864dd/fast] Error 2


Source file was:
int main() { return 0; }
Performing C++ SOURCE FILE Test CXX_SUPPORTS_SHORTEN_64_TO_32 failed with the following output:
Change Dir: /home/csec/JavaScript_Taint_Analyzer/CustomHermes_temp/CMakeFiles/CMakeTmp

Run Build Command(s):/usr/bin/gmake -f Makefile cmTC_2dae9/fast && /usr/bin/gmake  -f CMakeFiles/cmTC_2dae9.dir/build.make CMakeFiles/cmTC_2dae9.dir/build
gmake[1]: Entering directory '/home/csec/JavaScript_Taint_Analyzer/CustomHermes_temp/CMakeFiles/CMakeTmp'
Building CXX object CMakeFiles/cmTC_2dae9.dir/src.cxx.o
/usr/bin/c++ -DCXX_SUPPORTS_SHORTEN_64_TO_32  -Wall -Wextra -Wno-unused-parameter -Wwrite-strings -Wcast-qual -Wno-missing-field-initializers -Wno-maybe-uninitialized -Wno-init-list-lifetime -Wno-redundant-move -Wno-deprecated-copy -Wno-class-memaccess -Wno-noexcept-type -Wdelete-non-virtual-dtor -ffunction-sections -fdata-sections -fvisibility=hidden    -Wshorten-64-to-32 -o CMakeFiles/cmTC_2dae9.dir/src.cxx.o -c /home/csec/JavaScript_Taint_Analyzer/CustomHermes_temp/CMakeFiles/CMakeTmp/src.cxx
c++: error: unrecognized command-line option '-Wshorten-64-to-32'
gmake[1]: *** [CMakeFiles/cmTC_2dae9.dir/build.make:78: CMakeFiles/cmTC_2dae9.dir/src.cxx.o] Error 1
gmake[1]: Leaving directory '/home/csec/JavaScript_Taint_Analyzer/CustomHermes_temp/CMakeFiles/CMakeTmp'
gmake: *** [Makefile:127: cmTC_2dae9/fast] Error 2


Source file was:
int main() { return 0; }
Determining if the include file malloc/malloc.h exists failed with the following output:
Change Dir: /home/csec/JavaScript_Taint_Analyzer/CustomHermes_temp/CMakeFiles/CMakeTmp

Run Build Command(s):/usr/bin/gmake -f Makefile cmTC_4776c/fast && /usr/bin/gmake  -f CMakeFiles/cmTC_4776c.dir/build.make CMakeFiles/cmTC_4776c.dir/build
gmake[1]: Entering directory '/home/csec/JavaScript_Taint_Analyzer/CustomHermes_temp/CMakeFiles/CMakeTmp'
Building C object CMakeFiles/cmTC_4776c.dir/CheckIncludeFile.c.o
/usr/bin/cc   -Wall -Wextra -Wno-unused-parameter -Wwrite-strings -Wno-missing-field-initializers -ffunction-sections -fdata-sections  -o CMakeFiles/cmTC_4776c.dir/CheckIncludeFile.c.o -c /home/csec/JavaScript_Taint_Analyzer/CustomHermes_temp/CMakeFiles/CMakeTmp/CheckIncludeFile.c
/home/csec/JavaScript_Taint_Analyzer/CustomHermes_temp/CMakeFiles/CMakeTmp/CheckIncludeFile.c:1:10: fatal error: malloc/malloc.h: No such file or directory
    1 | #include <malloc/malloc.h>
      |          ^~~~~~~~~~~~~~~~~
compilation terminated.
gmake[1]: *** [CMakeFiles/cmTC_4776c.dir/build.make:78: CMakeFiles/cmTC_4776c.dir/CheckIncludeFile.c.o] Error 1
gmake[1]: Leaving directory '/home/csec/JavaScript_Taint_Analyzer/CustomHermes_temp/CMakeFiles/CMakeTmp'
gmake: *** [Makefile:127: cmTC_4776c/fast] Error 2



Determining if the include file mach/mach.h exists failed with the following output:
Change Dir: /home/csec/JavaScript_Taint_Analyzer/CustomHermes_temp/CMakeFiles/CMakeTmp

Run Build Command(s):/usr/bin/gmake -f Makefile cmTC_f2320/fast && /usr/bin/gmake  -f CMakeFiles/cmTC_f2320.dir/build.make CMakeFiles/cmTC_f2320.dir/build
gmake[1]: Entering directory '/home/csec/JavaScript_Taint_Analyzer/CustomHermes_temp/CMakeFiles/CMakeTmp'
Building C object CMakeFiles/cmTC_f2320.dir/CheckIncludeFile.c.o
/usr/bin/cc   -Wall -Wextra -Wno-unused-parameter -Wwrite-strings -Wno-missing-field-initializers -ffunction-sections -fdata-sections  -o CMakeFiles/cmTC_f2320.dir/CheckIncludeFile.c.o -c /home/csec/JavaScript_Taint_Analyzer/CustomHermes_temp/CMakeFiles/CMakeTmp/CheckIncludeFile.c
/home/csec/JavaScript_Taint_Analyzer/CustomHermes_temp/CMakeFiles/CMakeTmp/CheckIncludeFile.c:1:10: fatal error: mach/mach.h: No such file or directory
    1 | #include <mach/mach.h>
      |          ^~~~~~~~~~~~~
compilation terminated.
gmake[1]: *** [CMakeFiles/cmTC_f2320.dir/build.make:78: CMakeFiles/cmTC_f2320.dir/CheckIncludeFile.c.o] Error 1
gmake[1]: Leaving directory '/home/csec/JavaScript_Taint_Analyzer/CustomHermes_temp/CMakeFiles/CMakeTmp'
gmake: *** [Makefile:127: cmTC_f2320/fast] Error 2



Determining if the include file histedit.h exists failed with the following output:
Change Dir: /home/csec/JavaScript_Taint_Analyzer/CustomHermes_temp/CMakeFiles/CMakeTmp

Run Build Command(s):/usr/bin/gmake -f Makefile cmTC_3e732/fast && /usr/bin/gmake  -f CMakeFiles/cmTC_3e732.dir/build.make CMakeFiles/cmTC_3e732.dir/build
gmake[1]: Entering directory '/home/csec/JavaScript_Taint_Analyzer/CustomHermes_temp/CMakeFiles/CMakeTmp'
Building C object CMakeFiles/cmTC_3e732.dir/CheckIncludeFile.c.o
/usr/bin/cc   -Wall -Wextra -Wno-unused-parameter -Wwrite-strings -Wno-missing-field-initializers -ffunction-sections -fdata-sections  -o CMakeFiles/cmTC_3e732.dir/CheckIncludeFile.c.o -c /home/csec/JavaScript_Taint_Analyzer/CustomHermes_temp/CMakeFiles/CMakeTmp/CheckIncludeFile.c
/home/csec/JavaScript_Taint_Analyzer/CustomHermes_temp/CMakeFiles/CMakeTmp/CheckIncludeFile.c:1:10: fatal error: histedit.h: No such file or directory
    1 | #include <histedit.h>
      |          ^~~~~~~~~~~~
compilation terminated.
gmake[1]: *** [CMakeFiles/cmTC_3e732.dir/build.make:78: CMakeFiles/cmTC_3e732.dir/CheckIncludeFile.c.o] Error 1
gmake[1]: Leaving directory '/home/csec/JavaScript_Taint_Analyzer/CustomHermes_temp/CMakeFiles/CMakeTmp'
gmake: *** [Makefile:127: cmTC_3e732/fast] Error 2



Determining if the include file CrashReporterClient.h exists failed with the following output:
Change Dir: /home/csec/JavaScript_Taint_Analyzer/CustomHermes_temp/CMakeFiles/CMakeTmp

Run Build Command(s):/usr/bin/gmake -f Makefile cmTC_4c0b2/fast && /usr/bin/gmake  -f CMakeFiles/cmTC_4c0b2.dir/build.make CMakeFiles/cmTC_4c0b2.dir/build
gmake[1]: Entering directory '/home/csec/JavaScript_Taint_Analyzer/CustomHermes_temp/CMakeFiles/CMakeTmp'
Building C object CMakeFiles/cmTC_4c0b2.dir/CheckIncludeFile.c.o
/usr/bin/cc   -Wall -Wextra -Wno-unused-parameter -Wwrite-strings -Wno-missing-field-initializers -ffunction-sections -fdata-sections  -o CMakeFiles/cmTC_4c0b2.dir/CheckIncludeFile.c.o -c /home/csec/JavaScript_Taint_Analyzer/CustomHermes_temp/CMakeFiles/CMakeTmp/CheckIncludeFile.c
/home/csec/JavaScript_Taint_Analyzer/CustomHermes_temp/CMakeFiles/CMakeTmp/CheckIncludeFile.c:1:10: fatal error: CrashReporterClient.h: No such file or directory
    1 | #include <CrashReporterClient.h>
      |          ^~~~~~~~~~~~~~~~~~~~~~~
compilation terminated.
gmake[1]: *** [CMakeFiles/cmTC_4c0b2.dir/build.make:78: CMakeFiles/cmTC_4c0b2.dir/CheckIncludeFile.c.o] Error 1
gmake[1]: Leaving directory '/home/csec/JavaScript_Taint_Analyzer/CustomHermes_temp/CMakeFiles/CMakeTmp'
gmake: *** [Makefile:127: cmTC_4c0b2/fast] Error 2



Determining if the function xar_open exists in the xar failed with the following output:
Change Dir: /home/csec/JavaScript_Taint_Analyzer/CustomHermes_temp/CMakeFiles/CMakeTmp

Run Build Command(s):/usr/bin/gmake -f Makefile cmTC_4f1d1/fast && /usr/bin/gmake  -f CMakeFiles/cmTC_4f1d1.dir/build.make CMakeFiles/cmTC_4f1d1.dir/build
gmake[1]: Entering directory '/home/csec/JavaScript_Taint_Analyzer/CustomHermes_temp/CMakeFiles/CMakeTmp'
Building C object CMakeFiles/cmTC_4f1d1.dir/CheckFunctionExists.c.o
/usr/bin/cc   -Wall -Wextra -Wno-unused-parameter -Wwrite-strings -Wno-missing-field-initializers -ffunction-sections -fdata-sections -DCHECK_FUNCTION_EXISTS=xar_open -o CMakeFiles/cmTC_4f1d1.dir/CheckFunctionExists.c.o -c /usr/share/cmake-3.22/Modules/CheckFunctionExists.c
Linking C executable cmTC_4f1d1
/usr/bin/cmake -E cmake_link_script CMakeFiles/cmTC_4f1d1.dir/link.txt --verbose=1
/usr/bin/cc  -Wall -Wextra -Wno-unused-parameter -Wwrite-strings -Wno-missing-field-initializers -ffunction-sections -fdata-sections -DCHECK_FUNCTION_EXISTS=xar_open CMakeFiles/cmTC_4f1d1.dir/CheckFunctionExists.c.o -o cmTC_4f1d1  -lxar -lm 
/usr/bin/ld: cannot find -lxar: No such file or directory
collect2: error: ld returned 1 exit status
gmake[1]: *** [CMakeFiles/cmTC_4f1d1.dir/build.make:99: cmTC_4f1d1] Error 1
gmake[1]: Leaving directory '/home/csec/JavaScript_Taint_Analyzer/CustomHermes_temp/CMakeFiles/CMakeTmp'
gmake: *** [Makefile:127: cmTC_4f1d1/fast] Error 2



Determining if the arc4random exist failed with the following output:
Change Dir: /home/csec/JavaScript_Taint_Analyzer/CustomHermes_temp/CMakeFiles/CMakeTmp

Run Build Command(s):/usr/bin/gmake -f Makefile cmTC_04bc6/fast && /usr/bin/gmake  -f CMakeFiles/cmTC_04bc6.dir/build.make CMakeFiles/cmTC_04bc6.dir/build
gmake[1]: Entering directory '/home/csec/JavaScript_Taint_Analyzer/CustomHermes_temp/CMakeFiles/CMakeTmp'
Building C object CMakeFiles/cmTC_04bc6.dir/CheckSymbolExists.c.o
/usr/bin/cc   -Wall -Wextra -Wno-unused-parameter -Wwrite-strings -Wno-missing-field-initializers -ffunction-sections -fdata-sections  -o CMakeFiles/cmTC_04bc6.dir/CheckSymbolExists.c.o -c /home/csec/JavaScript_Taint_Analyzer/CustomHermes_temp/CMakeFiles/CMakeTmp/CheckSymbolExists.c
/home/csec/JavaScript_Taint_Analyzer/CustomHermes_temp/CMakeFiles/CMakeTmp/CheckSymbolExists.c: In function ‘main’:
/home/csec/JavaScript_Taint_Analyzer/CustomHermes_temp/CMakeFiles/CMakeTmp/CheckSymbolExists.c:8:19: error: ‘arc4random’ undeclared (first use in this function); did you mean ‘srandom’?
    8 |   return ((int*)(&arc4random))[argc];
      |                   ^~~~~~~~~~
      |                   srandom
/home/csec/JavaScript_Taint_Analyzer/CustomHermes_temp/CMakeFiles/CMakeTmp/CheckSymbolExists.c:8:19: note: each undeclared identifier is reported only once for each function it appears in
/home/csec/JavaScript_Taint_Analyzer/CustomHermes_temp/CMakeFiles/CMakeTmp/CheckSymbolExists.c:4:14: warning: parameter ‘argc’ set but not used [-Wunused-but-set-parameter]
    4 | int main(int argc, char** argv)
      |          ~~~~^~~~
gmake[1]: *** [CMakeFiles/cmTC_04bc6.dir/build.make:78: CMakeFiles/cmTC_04bc6.dir/CheckSymbolExists.c.o] Error 1
gmake[1]: Leaving directory '/home/csec/JavaScript_Taint_Analyzer/CustomHermes_temp/CMakeFiles/CMakeTmp'
gmake: *** [Makefile:127: cmTC_04bc6/fast] Error 2


File /home/csec/JavaScript_Taint_Analyzer/CustomHermes_temp/CMakeFiles/CMakeTmp/CheckSymbolExists.c:
/* */
#include <stdlib.h>

int main(int argc, char** argv)
{
  (void)argv;
#ifndef arc4random
  return ((int*)(&arc4random))[argc];
#else
  (void)argc;
  return 0;
#endif
}
Performing C SOURCE FILE Test C_SUPPORTS_WERROR_UNGUARDED_AVAILABILITY_NEW failed with the following output:
Change Dir: /home/csec/JavaScript_Taint_Analyzer/CustomHermes_temp/CMakeFiles/CMakeTmp

Run Build Command(s):/usr/bin/gmake -f Makefile cmTC_71522/fast && /usr/bin/gmake  -f CMakeFiles/cmTC_71522.dir/build.make CMakeFiles/cmTC_71522.dir/build
gmake[1]: Entering directory '/home/csec/JavaScript_Taint_Analyzer/CustomHermes_temp/CMakeFiles/CMakeTmp'
Building C object CMakeFiles/cmTC_71522.dir/src.c.o
/usr/bin/cc -DC_SUPPORTS_WERROR_UNGUARDED_AVAILABILITY_NEW  -Wall -Wextra -Wno-unused-parameter -Wwrite-strings -Wno-missing-field-initializers -ffunction-sections -fdata-sections    -Werror=unguarded-availability-new -o CMakeFiles/cmTC_71522.dir/src.c.o -c /home/csec/JavaScript_Taint_Analyzer/CustomHermes_temp/CMakeFiles/CMakeTmp/src.c
cc1: error: '-Werror=unguarded-availability-new': no option '-Wunguarded-availability-new'
gmake[1]: *** [CMakeFiles/cmTC_71522.dir/build.make:78: CMakeFiles/cmTC_71522.dir/src.c.o] Error 1
gmake[1]: Leaving directory '/home/csec/JavaScript_Taint_Analyzer/CustomHermes_temp/CMakeFiles/CMakeTmp'
gmake: *** [Makefile:127: cmTC_71522/fast] Error 2


Source file was:
int main(void) { return 0; }
Determining if the mallctl exist failed with the following output:
Change Dir: /home/csec/JavaScript_Taint_Analyzer/CustomHermes_temp/CMakeFiles/CMakeTmp

Run Build Command(s):/usr/bin/gmake -f Makefile cmTC_223f6/fast && /usr/bin/gmake  -f CMakeFiles/cmTC_223f6.dir/build.make CMakeFiles/cmTC_223f6.dir/build
gmake[1]: Entering directory '/home/csec/JavaScript_Taint_Analyzer/CustomHermes_temp/CMakeFiles/CMakeTmp'
Building C object CMakeFiles/cmTC_223f6.dir/CheckSymbolExists.c.o
/usr/bin/cc   -Wall -Wextra -Wno-unused-parameter -Wwrite-strings -Wno-missing-field-initializers -ffunction-sections -fdata-sections  -o CMakeFiles/cmTC_223f6.dir/CheckSymbolExists.c.o -c /home/csec/JavaScript_Taint_Analyzer/CustomHermes_temp/CMakeFiles/CMakeTmp/CheckSymbolExists.c
/home/csec/JavaScript_Taint_Analyzer/CustomHermes_temp/CMakeFiles/CMakeTmp/CheckSymbolExists.c:2:10: fatal error: malloc_np.h: No such file or directory
    2 | #include <malloc_np.h>
      |          ^~~~~~~~~~~~~
compilation terminated.
gmake[1]: *** [CMakeFiles/cmTC_223f6.dir/build.make:78: CMakeFiles/cmTC_223f6.dir/CheckSymbolExists.c.o] Error 1
gmake[1]: Leaving directory '/home/csec/JavaScript_Taint_Analyzer/CustomHermes_temp/CMakeFiles/CMakeTmp'
gmake: *** [Makefile:127: cmTC_223f6/fast] Error 2


File /home/csec/JavaScript_Taint_Analyzer/CustomHermes_temp/CMakeFiles/CMakeTmp/CheckSymbolExists.c:
/* */
#include <malloc_np.h>

int main(int argc, char** argv)
{
  (void)argv;
#ifndef mallctl
  return ((int*)(&mallctl))[argc];
#else
  (void)argc;
  return 0;
#endif
}
Determining if the malloc_zone_statistics exist failed with the following output:
Change Dir: /home/csec/JavaScript_Taint_Analyzer/CustomHermes_temp/CMakeFiles/CMakeTmp

Run Build Command(s):/usr/bin/gmake -f Makefile cmTC_4bad2/fast && /usr/bin/gmake  -f CMakeFiles/cmTC_4bad2.dir/build.make CMakeFiles/cmTC_4bad2.dir/build
gmake[1]: Entering directory '/home/csec/JavaScript_Taint_Analyzer/CustomHermes_temp/CMakeFiles/CMakeTmp'
Building C object CMakeFiles/cmTC_4bad2.dir/CheckSymbolExists.c.o
/usr/bin/cc   -Wall -Wextra -Wno-unused-parameter -Wwrite-strings -Wno-missing-field-initializers -ffunction-sections -fdata-sections  -o CMakeFiles/cmTC_4bad2.dir/CheckSymbolExists.c.o -c /home/csec/JavaScript_Taint_Analyzer/CustomHermes_temp/CMakeFiles/CMakeTmp/CheckSymbolExists.c
/home/csec/JavaScript_Taint_Analyzer/CustomHermes_temp/CMakeFiles/CMakeTmp/CheckSymbolExists.c:2:10: fatal error: malloc/malloc.h: No such file or directory
    2 | #include <malloc/malloc.h>
      |          ^~~~~~~~~~~~~~~~~
compilation terminated.
gmake[1]: *** [CMakeFiles/cmTC_4bad2.dir/build.make:78: CMakeFiles/cmTC_4bad2.dir/CheckSymbolExists.c.o] Error 1
gmake[1]: Leaving directory '/home/csec/JavaScript_Taint_Analyzer/CustomHermes_temp/CMakeFiles/CMakeTmp'
gmake: *** [Makefile:127: cmTC_4bad2/fast] Error 2


File /home/csec/JavaScript_Taint_Analyzer/CustomHermes_temp/CMakeFiles/CMakeTmp/CheckSymbolExists.c:
/* */
#include <malloc/malloc.h>

int main(int argc, char** argv)
{
  (void)argv;
#ifndef malloc_zone_statistics
  return ((int*)(&malloc_zone_statistics))[argc];
#else
  (void)argc;
  return 0;
#endif
}
Determining if the strerror_s exist failed with the following output:
Change Dir: /home/csec/JavaScript_Taint_Analyzer/CustomHermes_temp/CMakeFiles/CMakeTmp

Run Build Command(s):/usr/bin/gmake -f Makefile cmTC_50d0e/fast && /usr/bin/gmake  -f CMakeFiles/cmTC_50d0e.dir/build.make CMakeFiles/cmTC_50d0e.dir/build
gmake[1]: Entering directory '/home/csec/JavaScript_Taint_Analyzer/CustomHermes_temp/CMakeFiles/CMakeTmp'
Building C object CMakeFiles/cmTC_50d0e.dir/CheckSymbolExists.c.o
/usr/bin/cc   -Wall -Wextra -Wno-unused-parameter -Wwrite-strings -Wno-missing-field-initializers -ffunction-sections -fdata-sections  -o CMakeFiles/cmTC_50d0e.dir/CheckSymbolExists.c.o -c /home/csec/JavaScript_Taint_Analyzer/CustomHermes_temp/CMakeFiles/CMakeTmp/CheckSymbolExists.c
/home/csec/JavaScript_Taint_Analyzer/CustomHermes_temp/CMakeFiles/CMakeTmp/CheckSymbolExists.c: In function ‘main’:
/home/csec/JavaScript_Taint_Analyzer/CustomHermes_temp/CMakeFiles/CMakeTmp/CheckSymbolExists.c:8:19: error: ‘strerror_s’ undeclared (first use in this function); did you mean ‘strerror_l’?
    8 |   return ((int*)(&strerror_s))[argc];
      |                   ^~~~~~~~~~
      |                   strerror_l
/home/csec/JavaScript_Taint_Analyzer/CustomHermes_temp/CMakeFiles/CMakeTmp/CheckSymbolExists.c:8:19: note: each undeclared identifier is reported only once for each function it appears in
/home/csec/JavaScript_Taint_Analyzer/CustomHermes_temp/CMakeFiles/CMakeTmp/CheckSymbolExists.c:4:14: warning: parameter ‘argc’ set but not used [-Wunused-but-set-parameter]
    4 | int main(int argc, char** argv)
      |          ~~~~^~~~
gmake[1]: *** [CMakeFiles/cmTC_50d0e.dir/build.make:78: CMakeFiles/cmTC_50d0e.dir/CheckSymbolExists.c.o] Error 1
gmake[1]: Leaving directory '/home/csec/JavaScript_Taint_Analyzer/CustomHermes_temp/CMakeFiles/CMakeTmp'
gmake: *** [Makefile:127: cmTC_50d0e/fast] Error 2


File /home/csec/JavaScript_Taint_Analyzer/CustomHermes_temp/CMakeFiles/CMakeTmp/CheckSymbolExists.c:
/* */
#include <string.h>

int main(int argc, char** argv)
{
  (void)argv;
#ifndef strerror_s
  return ((int*)(&strerror_s))[argc];
#else
  (void)argc;
  return 0;
#endif
}
Determining if the dladdr exist failed with the following output:
Change Dir: /home/csec/JavaScript_Taint_Analyzer/CustomHermes_temp/CMakeFiles/CMakeTmp

Run Build Command(s):/usr/bin/gmake -f Makefile cmTC_6f0cf/fast && /usr/bin/gmake  -f CMakeFiles/cmTC_6f0cf.dir/build.make CMakeFiles/cmTC_6f0cf.dir/build
gmake[1]: Entering directory '/home/csec/JavaScript_Taint_Analyzer/CustomHermes_temp/CMakeFiles/CMakeTmp'
Building C object CMakeFiles/cmTC_6f0cf.dir/CheckSymbolExists.c.o
/usr/bin/cc   -Wall -Wextra -Wno-unused-parameter -Wwrite-strings -Wno-missing-field-initializers -ffunction-sections -fdata-sections  -o CMakeFiles/cmTC_6f0cf.dir/CheckSymbolExists.c.o -c /home/csec/JavaScript_Taint_Analyzer/CustomHermes_temp/CMakeFiles/CMakeTmp/CheckSymbolExists.c
/home/csec/JavaScript_Taint_Analyzer/CustomHermes_temp/CMakeFiles/CMakeTmp/CheckSymbolExists.c: In function ‘main’:
/home/csec/JavaScript_Taint_Analyzer/CustomHermes_temp/CMakeFiles/CMakeTmp/CheckSymbolExists.c:8:19: error: ‘dladdr’ undeclared (first use in this function)
    8 |   return ((int*)(&dladdr))[argc];
      |                   ^~~~~~
/home/csec/JavaScript_Taint_Analyzer/CustomHermes_temp/CMakeFiles/CMakeTmp/CheckSymbolExists.c:8:19: note: each undeclared identifier is reported only once for each function it appears in
/home/csec/JavaScript_Taint_Analyzer/CustomHermes_temp/CMakeFiles/CMakeTmp/CheckSymbolExists.c:4:14: warning: parameter ‘argc’ set but not used [-Wunused-but-set-parameter]
    4 | int main(int argc, char** argv)
      |          ~~~~^~~~
gmake[1]: *** [CMakeFiles/cmTC_6f0cf.dir/build.make:78: CMakeFiles/cmTC_6f0cf.dir/CheckSymbolExists.c.o] Error 1
gmake[1]: Leaving directory '/home/csec/JavaScript_Taint_Analyzer/CustomHermes_temp/CMakeFiles/CMakeTmp'
gmake: *** [Makefile:127: cmTC_6f0cf/fast] Error 2


File /home/csec/JavaScript_Taint_Analyzer/CustomHermes_temp/CMakeFiles/CMakeTmp/CheckSymbolExists.c:
/* */
#include <dlfcn.h>

int main(int argc, char** argv)
{
  (void)argv;
#ifndef dladdr
  return ((int*)(&dladdr))[argc];
#else
  (void)argc;
  return 0;
#endif
}
Performing C++ SOURCE FILE Test SUPPORTS_GNU_ZERO_VARIADIC_MACRO_ARGUMENTS_FLAG failed with the following output:
Change Dir: /home/csec/JavaScript_Taint_Analyzer/CustomHermes_temp/CMakeFiles/CMakeTmp

Run Build Command(s):/usr/bin/gmake -f Makefile cmTC_a7418/fast && /usr/bin/gmake  -f CMakeFiles/cmTC_a7418.dir/build.make CMakeFiles/cmTC_a7418.dir/build
gmake[1]: Entering directory '/home/csec/JavaScript_Taint_Analyzer/CustomHermes_temp/CMakeFiles/CMakeTmp'
Building CXX object CMakeFiles/cmTC_a7418.dir/src.cxx.o
/usr/bin/c++ -DSUPPORTS_GNU_ZERO_VARIADIC_MACRO_ARGUMENTS_FLAG  -Wall -Wextra -Wno-unused-parameter -Wwrite-strings -Wcast-qual -Wno-missing-field-initializers -Wno-maybe-uninitialized -Wno-init-list-lifetime -Wno-redundant-move -Wno-deprecated-copy -Wno-class-memaccess -Wno-noexcept-type -Wdelete-non-virtual-dtor -ffunction-sections -fdata-sections -fvisibility=hidden    -Wgnu-zero-variadic-macro-arguments -std=c++17 -o CMakeFiles/cmTC_a7418.dir/src.cxx.o -c /home/csec/JavaScript_Taint_Analyzer/CustomHermes_temp/CMakeFiles/CMakeTmp/src.cxx
c++: error: unrecognized command-line option '-Wgnu-zero-variadic-macro-arguments'
gmake[1]: *** [CMakeFiles/cmTC_a7418.dir/build.make:78: CMakeFiles/cmTC_a7418.dir/src.cxx.o] Error 1
gmake[1]: Leaving directory '/home/csec/JavaScript_Taint_Analyzer/CustomHermes_temp/CMakeFiles/CMakeTmp'
gmake: *** [Makefile:127: cmTC_a7418/fast] Error 2


Source file was:
int main() { return 0; }
